-------------------------------------------------------------------------------
Test set: com.sura.controller.BoardControllerTest
-------------------------------------------------------------------------------
Tests run: 1, Failures: 0, Errors: 1, Skipped: 0, Time elapsed: 0.111 s <<< FAILURE! - in com.sura.controller.BoardControllerTest
initializationError(com.sura.controller.BoardControllerTest)  Time elapsed: 0.003 s  <<< ERROR!
java.lang.Exception: No runnable methods

