<?xml version="1.0" encoding="UTF-8"?>
<testsuite xmlns:xsi="http://www.w3.org/2001/XMLSchema-instance" xsi:noNamespaceSchemaLocation="https://maven.apache.org/surefire/maven-surefire-plugin/xsd/surefire-test-report.xsd" name="com.sura.controller.SChatBotControllerTest" time="2.51" tests="2" errors="2" skipped="0" failures="0">
  <properties>
[...]
</properties>
  <testcase name="날씨_조회" classname="com.sura.controller.SChatBotControllerTest" time="0.04">
    <error type="java.lang.NullPointerException">java.lang.NullPointerException
	at com.sura.controller.SChatBotControllerTest.setUp(SChatBotControllerTest.java:69)
</error>
    <system-out><![CDATA[2020-07-01 16:13:28.712  INFO 4912 --- [           main] .b.t.c.SpringBootTestContextBootstrapper : Neither @ContextConfiguration nor @ContextHierarchy found for test class [com.sura.controller.SChatBotControllerTest], using SpringBootContextLoader
2020-07-01 16:13:28.712  INFO 4912 --- [           main] o.s.t.c.support.AbstractContextLoader    : Could not detect default resource locations for test class [com.sura.controller.SChatBotControllerTest]: no resource found for suffixes {-context.xml, Context.groovy}.
2020-07-01 16:13:28.716  INFO 4912 --- [           main] .b.t.c.SpringBootTestContextBootstrapper : Loaded default TestExecutionListener class names from location [META-INF/spring.factories]: [org.springframework.boot.test.mock.mockito.MockitoTestExecutionListener, org.springframework.boot.test.mock.mockito.ResetMocksTestExecutionListener, org.springframework.boot.test.autoconfigure.restdocs.RestDocsTestExecutionListener, org.springframework.boot.test.autoconfigure.web.client.MockRestServiceServerResetTestExecutionListener, org.springframework.boot.test.autoconfigure.web.servlet.MockMvcPrintOnlyOnFailureTestExecutionListener, org.springframework.boot.test.autoconfigure.web.servlet.WebDriverTestExecutionListener, org.springframework.test.context.web.ServletTestExecutionListener, org.springframework.test.context.support.DirtiesContextBeforeModesTestExecutionListener, org.springframework.test.context.support.DependencyInjectionTestExecutionListener, org.springframework.test.context.support.DirtiesContextTestExecutionListener, org.springframework.test.context.transaction.TransactionalTestExecutionListener, org.springframework.test.context.jdbc.SqlScriptsTestExecutionListener]
2020-07-01 16:13:28.716  INFO 4912 --- [           main] .b.t.c.SpringBootTestContextBootstrapper : Using TestExecutionListeners: [org.springframework.test.context.web.ServletTestExecutionListener@2c413ffc, org.springframework.test.context.support.DirtiesContextBeforeModesTestExecutionListener@7d21852b, org.springframework.boot.test.mock.mockito.MockitoTestExecutionListener@6cd98a05, org.springframework.boot.test.autoconfigure.SpringBootDependencyInjectionTestExecutionListener@3b8ec001, org.springframework.test.context.support.DirtiesContextTestExecutionListener@1e95b653, org.springframework.test.context.transaction.TransactionalTestExecutionListener@6f6c6077, org.springframework.test.context.jdbc.SqlScriptsTestExecutionListener@4fc5563d, org.springframework.boot.test.mock.mockito.ResetMocksTestExecutionListener@286090c, org.springframework.boot.test.autoconfigure.restdocs.RestDocsTestExecutionListener@31120021, org.springframework.boot.test.autoconfigure.web.client.MockRestServiceServerResetTestExecutionListener@3df1a1ac, org.springframework.boot.test.autoconfigure.web.servlet.MockMvcPrintOnlyOnFailureTestExecutionListener@58606c91, org.springframework.boot.test.autoconfigure.web.servlet.WebDriverTestExecutionListener@6a9cd0f8]

  .   ____          _            __ _ _
 /\\ / ___'_ __ _ _(_)_ __  __ _ \ \ \ \
( ( )\___ | '_ | '_| | '_ \/ _` | \ \ \ \
 \\/  ___)| |_)| | | | | || (_| |  ) ) ) )
  '  |____| .__|_| |_|_| |_\__, | / / / /
 =========|_|==============|___/=/_/_/_/
 :: Spring Boot ::        (v2.1.1.RELEASE)

2020-07-01 16:13:28.736  WARN 4912 --- [           main] ory$DuplicateJsonObjectContextCustomizer : 

Found multiple occurrences of org.json.JSONObject on the class path:

	jar:file:/Users/leeseonbeen/.m2/repository/com/vaadin/external/google/android-json/0.0.20131108.vaadin1/android-json-0.0.20131108.vaadin1.jar!/org/json/JSONObject.class
	jar:file:/Users/leeseonbeen/.m2/repository/org/json/json/20170516/json-20170516.jar!/org/json/JSONObject.class

You may wish to exclude one of them to ensure predictable runtime behavior

2020-07-01 16:13:28.737  INFO 4912 --- [           main] c.s.controller.SChatBotControllerTest    : Starting SChatBotControllerTest on Leeseonbeenui-MacBookPro.local with PID 4912 (started by leeseonbeen in /Users/leeseonbeen/Chatbot)
2020-07-01 16:13:28.737  INFO 4912 --- [           main] c.s.controller.SChatBotControllerTest    : No active profile set, falling back to default profiles: default
2020-07-01 16:13:28.954  INFO 4912 --- [           main] .s.d.r.c.RepositoryConfigurationDelegate : Bootstrapping Spring Data JPA repositories in DEFAULT mode.
2020-07-01 16:13:28.999  INFO 4912 --- [           main] .s.d.r.c.RepositoryConfigurationDelegate : Finished Spring Data repository scanning in 40ms. Found 1 JPA repository interfaces.
2020-07-01 16:13:29.140  INFO 4912 --- [           main] trationDelegate$BeanPostProcessorChecker : Bean 'org.springframework.transaction.annotation.ProxyTransactionManagementConfiguration' of type [org.springframework.transaction.annotation.ProxyTransactionManagementConfiguration$$EnhancerBySpringCGLIB$$402d705e] is not eligible for getting processed by all BeanPostProcessors (for example: not eligible for auto-proxying)
2020-07-01 16:13:29.323  INFO 4912 --- [           main] com.zaxxer.hikari.HikariDataSource       : HikariPool-1 - Starting...
2020-07-01 16:13:29.449  INFO 4912 --- [           main] com.zaxxer.hikari.HikariDataSource       : HikariPool-1 - Start completed.
2020-07-01 16:13:29.518  INFO 4912 --- [           main] o.hibernate.jpa.internal.util.LogHelper  : HHH000204: Processing PersistenceUnitInfo [
	name: default
	...]
2020-07-01 16:13:29.581  INFO 4912 --- [           main] org.hibernate.Version                    : HHH000412: Hibernate Core {5.3.7.Final}
2020-07-01 16:13:29.582  INFO 4912 --- [           main] org.hibernate.cfg.Environment            : HHH000206: hibernate.properties not found
2020-07-01 16:13:29.620  INFO 4912 --- [           main] o.hibernate.annotations.common.Version   : HCANN000001: Hibernate Commons Annotations {5.0.1.Final}
2020-07-01 16:13:29.742  INFO 4912 --- [           main] org.hibernate.dialect.Dialect            : HHH000400: Using dialect: org.hibernate.dialect.H2Dialect
2020-07-01 16:13:30.205  INFO 4912 --- [           main] o.h.t.schema.internal.SchemaCreatorImpl  : HHH000476: Executing import script 'org.hibernate.tool.schema.internal.exec.ScriptSourceInputNonExistentImpl@58f50dd0'
2020-07-01 16:13:30.208  INFO 4912 --- [           main] j.LocalContainerEntityManagerFactoryBean : Initialized JPA EntityManagerFactory for persistence unit 'default'
2020-07-01 16:13:30.911  INFO 4912 --- [           main] o.s.s.concurrent.ThreadPoolTaskExecutor  : Initializing ExecutorService 'applicationTaskExecutor'
2020-07-01 16:13:30.984  WARN 4912 --- [           main] org.thymeleaf.templatemode.TemplateMode  : [THYMELEAF][main] Template Mode 'HTML5' is deprecated. Using Template Mode 'HTML' instead.
2020-07-01 16:13:31.190  INFO 4912 --- [           main] c.s.controller.SChatBotControllerTest    : Started SChatBotControllerTest in 2.47 seconds (JVM running for 4.859)
2020-07-01 16:13:31.227  INFO 4912 --- [           main] o.s.b.t.m.w.SpringBootMockServletContext : Initializing Spring TestDispatcherServlet ''
2020-07-01 16:13:31.227  INFO 4912 --- [           main] o.s.t.web.servlet.TestDispatcherServlet  : Initializing Servlet ''
2020-07-01 16:13:31.235  INFO 4912 --- [           main] o.s.t.web.servlet.TestDispatcherServlet  : Completed initialization in 7 ms
]]></system-out>
  </testcase>
  <testcase name="도시_리스트" classname="com.sura.controller.SChatBotControllerTest" time="0.003">
    <error type="java.lang.NullPointerException">java.lang.NullPointerException
	at com.sura.controller.SChatBotControllerTest.setUp(SChatBotControllerTest.java:69)
</error>
    <system-out><![CDATA[2020-07-01 16:13:31.239  INFO 4912 --- [           main] o.s.b.t.m.w.SpringBootMockServletContext : Initializing Spring TestDispatcherServlet ''
2020-07-01 16:13:31.239  INFO 4912 --- [           main] o.s.t.web.servlet.TestDispatcherServlet  : Initializing Servlet ''
2020-07-01 16:13:31.241  INFO 4912 --- [           main] o.s.t.web.servlet.TestDispatcherServlet  : Completed initialization in 2 ms
]]></system-out>
  </testcase>
</testsuite>